# JRE version: OpenJDK Runtime Environment (8.0_202-b03) (build 1.8.0_202-release-1483-b03)
# Java VM: OpenJDK 64-Bit Server VM (25.202-b03 mixed mode windows-amd64 compressed oops)
Heap:
 PSYoungGen      total 268288K, used 236087K [0x00000000e0000000, 0x00000000f3b00000, 0x0000000100000000)
  eden space 230400K, 97% used [0x00000000e0000000,0x00000000edae35f8,0x00000000ee100000)
  from space 37888K, 31% used [0x00000000f1600000,0x00000000f21aa9c8,0x00000000f3b00000)
  to   space 38400K, 0% used [0x00000000ee100000,0x00000000ee100000,0x00000000f0680000)
 ParOldGen       total 203264K, used 75900K [0x00000000a0000000, 0x00000000ac680000, 0x00000000e0000000)
  object space 203264K, 37% used [0x00000000a0000000,0x00000000a4a1f308,0x00000000ac680000)
 Metaspace       used 102054K, capacity 108223K, committed 108416K, reserved 1142784K
  class space    used 13360K, capacity 14450K, committed 14464K, reserved 1048576K
GC Heap History (10 events):
Event: 1357.491 GC heap before
{Heap before GC invocations=20 (full 3):
 PSYoungGen      total 251392K, used 251054K [0x00000000e0000000, 0x00000000f4c80000, 0x0000000100000000)
  eden space 231424K, 100% used [0x00000000e0000000,0x00000000ee200000,0x00000000ee200000)
  from space 19968K, 98% used [0x00000000f3900000,0x00000000f4c2baa8,0x00000000f4c80000)
  to   space 40448K, 0% used [0x00000000efd80000,0x00000000efd80000,0x00000000f2500000)
 ParOldGen       total 203264K, used 71761K [0x00000000a0000000, 0x00000000ac680000, 0x00000000e0000000)
  object space 203264K, 35% used [0x00000000a0000000,0x00000000a46145b0,0x00000000ac680000)
 Metaspace       used 87603K, capacity 92371K, committed 92672K, reserved 1130496K
  class space    used 11358K, capacity 12226K, committed 12288K, reserved 1048576K
Event: 1357.513 GC heap after
Heap after GC invocations=20 (full 3):
 PSYoungGen      total 243712K, used 18806K [0x00000000e0000000, 0x00000000f3980000, 0x0000000100000000)
  eden space 224768K, 0% used [0x00000000e0000000,0x00000000e0000000,0x00000000edb80000)
  from space 18944K, 99% used [0x00000000efd80000,0x00000000f0fdd948,0x00000000f1000000)
  to   space 38400K, 0% used [0x00000000f1400000,0x00000000f1400000,0x00000000f3980000)
 ParOldGen       total 203264K, used 71769K [0x00000000a0000000, 0x00000000ac680000, 0x00000000e0000000)
  object space 203264K, 35% used [0x00000000a0000000,0x00000000a46165b0,0x00000000ac680000)
 Metaspace       used 87603K, capacity 92371K, committed 92672K, reserved 1130496K
  class space    used 11358K, capacity 12226K, committed 12288K, reserved 1048576K
}
Event: 1361.919 GC heap before
{Heap before GC invocations=21 (full 3):
 PSYoungGen      total 243712K, used 132557K [0x00000000e0000000, 0x00000000f3980000, 0x0000000100000000)
  eden space 224768K, 50% used [0x00000000e0000000,0x00000000e6f15eb0,0x00000000edb80000)
  from space 18944K, 99% used [0x00000000efd80000,0x00000000f0fdd948,0x00000000f1000000)
  to   space 38400K, 0% used [0x00000000f1400000,0x00000000f1400000,0x00000000f3980000)
 ParOldGen       total 203264K, used 71769K [0x00000000a0000000, 0x00000000ac680000, 0x00000000e0000000)
  object space 203264K, 35% used [0x00000000a0000000,0x00000000a46165b0,0x00000000ac680000)
 Metaspace       used 93587K, capacity 98455K, committed 98560K, reserved 1134592K
  class space    used 12086K, capacity 12983K, committed 13056K, reserved 1048576K
Event: 1361.938 GC heap after
Heap after GC invocations=21 (full 3):
 PSYoungGen      total 243200K, used 24450K [0x00000000e0000000, 0x00000000f2c00000, 0x0000000100000000)
  eden space 218624K, 0% used [0x00000000e0000000,0x00000000e0000000,0x00000000ed580000)
  from space 24576K, 99% used [0x00000000f1400000,0x00000000f2be0860,0x00000000f2c00000)
  to   space 38400K, 0% used [0x00000000ee100000,0x00000000ee100000,0x00000000f0680000)
 ParOldGen       total 203264K, used 71785K [0x00000000a0000000, 0x00000000ac680000, 0x00000000e0000000)
  object space 203264K, 35% used [0x00000000a0000000,0x00000000a461a5b0,0x00000000ac680000)
 Metaspace       used 93587K, capacity 98455K, committed 98560K, reserved 1134592K
  class space    used 12086K, capacity 12983K, committed 13056K, reserved 1048576K
}
Event: 1361.938 GC heap before
{Heap before GC invocations=22 (full 4):
 PSYoungGen      total 243200K, used 24450K [0x00000000e0000000, 0x00000000f2c00000, 0x0000000100000000)
  eden space 218624K, 0% used [0x00000000e0000000,0x00000000e0000000,0x00000000ed580000)
  from space 24576K, 99% used [0x00000000f1400000,0x00000000f2be0860,0x00000000f2c00000)
  to   space 38400K, 0% used [0x00000000ee100000,0x00000000ee100000,0x00000000f0680000)
 ParOldGen       total 203264K, used 71785K [0x00000000a0000000, 0x00000000ac680000, 0x00000000e0000000)
  object space 203264K, 35% used [0x00000000a0000000,0x00000000a461a5b0,0x00000000ac680000)
 Metaspace       used 93587K, capacity 98455K, committed 98560K, reserved 1134592K
  class space    used 12086K, capacity 12983K, committed 13056K, reserved 1048576K
Event: 1362.143 GC heap after
Heap after GC invocations=22 (full 4):
 PSYoungGen      total 243200K, used 0K [0x00000000e0000000, 0x00000000f2c00000, 0x0000000100000000)
  eden space 218624K, 0% used [0x00000000e0000000,0x00000000e0000000,0x00000000ed580000)
  from space 24576K, 0% used [0x00000000f1400000,0x00000000f1400000,0x00000000f2c00000)
  to   space 38400K, 0% used [0x00000000ee100000,0x00000000ee100000,0x00000000f0680000)
 ParOldGen       total 203264K, used 75884K [0x00000000a0000000, 0x00000000ac680000, 0x00000000e0000000)
  object space 203264K, 37% used [0x00000000a0000000,0x00000000a4a1b308,0x00000000ac680000)
 Metaspace       used 93482K, capacity 98163K, committed 98560K, reserved 1134592K
  class space    used 12053K, capacity 12930K, committed 13056K, reserved 1048576K
}
Event: 1365.226 GC heap before
{Heap before GC invocations=23 (full 4):
 PSYoungGen      total 243200K, used 218624K [0x00000000e0000000, 0x00000000f2c00000, 0x0000000100000000)
  eden space 218624K, 100% used [0x00000000e0000000,0x00000000ed580000,0x00000000ed580000)
  from space 24576K, 0% used [0x00000000f1400000,0x00000000f1400000,0x00000000f2c00000)
  to   space 38400K, 0% used [0x00000000ee100000,0x00000000ee100000,0x00000000f0680000)
 ParOldGen       total 203264K, used 75884K [0x00000000a0000000, 0x00000000ac680000, 0x00000000e0000000)
  object space 203264K, 37% used [0x00000000a0000000,0x00000000a4a1b308,0x00000000ac680000)
 Metaspace       used 101642K, capacity 107797K, committed 107904K, reserved 1142784K
  class space    used 13320K, capacity 14405K, committed 14464K, reserved 1048576K
Event: 1365.242 GC heap after
Heap after GC invocations=23 (full 4):
 PSYoungGen      total 268800K, used 13733K [0x00000000e0000000, 0x00000000f3b00000, 0x0000000100000000)
  eden space 230400K, 0% used [0x00000000e0000000,0x00000000e0000000,0x00000000ee100000)
  from space 38400K, 35% used [0x00000000ee100000,0x00000000eee69458,0x00000000f0680000)
  to   space 37888K, 0% used [0x00000000f1600000,0x00000000f1600000,0x00000000f3b00000)
 ParOldGen       total 203264K, used 75892K [0x00000000a0000000, 0x00000000ac680000, 0x00000000e0000000)
  object space 203264K, 37% used [0x00000000a0000000,0x00000000a4a1d308,0x00000000ac680000)
 Metaspace       used 101642K, capacity 107797K, committed 107904K, reserved 1142784K
  class space    used 13320K, capacity 14405K, committed 14464K, reserved 1048576K
}
Event: 1365.699 GC heap before
{Heap before GC invocations=24 (full 4):
 PSYoungGen      total 268800K, used 244133K [0x00000000e0000000, 0x00000000f3b00000, 0x0000000100000000)
  eden space 230400K, 100% used [0x00000000e0000000,0x00000000ee100000,0x00000000ee100000)
  from space 38400K, 35% used [0x00000000ee100000,0x00000000eee69458,0x00000000f0680000)
  to   space 37888K, 0% used [0x00000000f1600000,0x00000000f1600000,0x00000000f3b00000)
 ParOldGen       total 203264K, used 75892K [0x00000000a0000000, 0x00000000ac680000, 0x00000000e0000000)
  object space 203264K, 37% used [0x00000000a0000000,0x00000000a4a1d308,0x00000000ac680000)
 Metaspace       used 101813K, capacity 107941K, committed 108160K, reserved 1142784K
  class space    used 13338K, capacity 14407K, committed 14464K, reserved 1048576K
Event: 1365.709 GC heap after
Heap after GC invocations=24 (full 4):
 PSYoungGen      total 268288K, used 11946K [0x00000000e0000000, 0x00000000f3b00000, 0x0000000100000000)
  eden space 230400K, 0% used [0x00000000e0000000,0x00000000e0000000,0x00000000ee100000)
  from space 37888K, 31% used [0x00000000f1600000,0x00000000f21aa9c8,0x00000000f3b00000)
  to   space 38400K, 0% used [0x00000000ee100000,0x00000000ee100000,0x00000000f0680000)
 ParOldGen       total 203264K, used 75900K [0x00000000a0000000, 0x00000000ac680000, 0x00000000e0000000)
  object space 203264K, 37% used [0x00000000a0000000,0x00000000a4a1f308,0x00000000ac680000)
 Metaspace       used 101813K, capacity 107941K, committed 108160K, reserved 1142784K
  class space    used 13338K, capacity 14407K, committed 14464K, reserved 1048576K
}

